<?xml version="1.0" encoding="UTF-8"?>
<testng-results ignored="0" total="6" passed="5" failed="1" skipped="0">
  <reporter-output>
  </reporter-output>
  <suite started-at="2022-05-23T01:51:16Z" name="eCommerce" finished-at="2022-05-23T01:52:11Z" duration-ms="55149">
    <groups>
    </groups>
    <test started-at="2022-05-23T01:51:16Z" name="WalmartAppTest" finished-at="2022-05-23T01:52:11Z" duration-ms="55149">
      <class name="com.walmart.testCases.TC_ShoppingCart_001">
        <test-method is-config="true" signature="setup()[pri:0, instance:com.walmart.testCases.TC_ShoppingCart_001@5a955565]" started-at="2022-05-23T01:51:16Z" name="setup" finished-at="2022-05-23T01:51:17Z" duration-ms="792" status="PASS">
          <reporter-output>
          </reporter-output>
        </test-method> <!-- setup -->
        <test-method is-config="true" signature="checkCart()[pri:0, instance:com.walmart.testCases.TC_ShoppingCart_001@5a955565]" started-at="2022-05-23T01:51:17Z" name="checkCart" finished-at="2022-05-23T01:51:19Z" duration-ms="2230" status="PASS">
          <reporter-output>
          </reporter-output>
        </test-method> <!-- checkCart -->
        <test-method signature="addProducts()[pri:1, instance:com.walmart.testCases.TC_ShoppingCart_001@5a955565]" started-at="2022-05-23T01:51:19Z" name="addProducts" finished-at="2022-05-23T01:51:30Z" duration-ms="11151" status="PASS">
          <reporter-output>
          </reporter-output>
        </test-method> <!-- addProducts -->
        <test-method signature="increaseQuantity()[pri:2, instance:com.walmart.testCases.TC_ShoppingCart_001@5a955565]" started-at="2022-05-23T01:51:30Z" name="increaseQuantity" finished-at="2022-05-23T01:51:32Z" duration-ms="2203" status="PASS">
          <reporter-output>
          </reporter-output>
        </test-method> <!-- increaseQuantity -->
        <test-method signature="addSameItems()[pri:3, instance:com.walmart.testCases.TC_ShoppingCart_001@5a955565]" started-at="2022-05-23T01:51:32Z" name="addSameItems" finished-at="2022-05-23T01:51:44Z" duration-ms="12034" status="PASS">
          <reporter-output>
          </reporter-output>
        </test-method> <!-- addSameItems -->
        <test-method signature="differentItems()[pri:4, instance:com.walmart.testCases.TC_ShoppingCart_001@5a955565]" started-at="2022-05-23T01:51:44Z" name="differentItems" finished-at="2022-05-23T01:51:57Z" duration-ms="12192" status="FAIL">
          <exception class="java.lang.AssertionError">
            <message>
              <![CDATA[expected [true] but found [false]]]>
            </message>
            <full-stacktrace>
              <![CDATA[java.lang.AssertionError: expected [true] but found [false]
at org.testng.Assert.fail(Assert.java:96)
at org.testng.Assert.failNotEquals(Assert.java:776)
at org.testng.Assert.assertTrue(Assert.java:44)
at org.testng.Assert.assertTrue(Assert.java:54)
at com.walmart.testCases.TC_ShoppingCart_001.differentItems(TC_ShoppingCart_001.java:151)
at java.base/jdk.internal.reflect.DirectMethodHandleAccessor.invoke(DirectMethodHandleAccessor.java:104)
at java.base/java.lang.reflect.Method.invoke(Method.java:577)
at org.testng.internal.MethodInvocationHelper.invokeMethod(MethodInvocationHelper.java:124)
at org.testng.internal.Invoker.invokeMethod(Invoker.java:583)
at org.testng.internal.Invoker.invokeTestMethod(Invoker.java:719)
at org.testng.internal.Invoker.invokeTestMethods(Invoker.java:989)
at org.testng.internal.TestMethodWorker.invokeTestMethods(TestMethodWorker.java:125)
at org.testng.internal.TestMethodWorker.run(TestMethodWorker.java:109)
at org.testng.TestRunner.privateRun(TestRunner.java:648)
at org.testng.TestRunner.run(TestRunner.java:505)
at org.testng.SuiteRunner.runTest(SuiteRunner.java:455)
at org.testng.SuiteRunner.runSequentially(SuiteRunner.java:450)
at org.testng.SuiteRunner.privateRun(SuiteRunner.java:415)
at org.testng.SuiteRunner.run(SuiteRunner.java:364)
at org.testng.SuiteRunnerWorker.runSuite(SuiteRunnerWorker.java:52)
at org.testng.SuiteRunnerWorker.run(SuiteRunnerWorker.java:84)
at org.testng.TestNG.runSuitesSequentially(TestNG.java:1208)
at org.testng.TestNG.runSuitesLocally(TestNG.java:1137)
at org.testng.TestNG.runSuites(TestNG.java:1049)
at org.testng.TestNG.run(TestNG.java:1017)
at org.testng.remote.AbstractRemoteTestNG.run(AbstractRemoteTestNG.java:115)
at org.testng.remote.RemoteTestNG.initAndRun(RemoteTestNG.java:251)
at org.testng.remote.RemoteTestNG.main(RemoteTestNG.java:77)
]]>
            </full-stacktrace>
          </exception> <!-- java.lang.AssertionError -->
          <reporter-output>
          </reporter-output>
        </test-method> <!-- differentItems -->
        <test-method signature="removeItems()[pri:5, instance:com.walmart.testCases.TC_ShoppingCart_001@5a955565]" started-at="2022-05-23T01:51:57Z" name="removeItems" finished-at="2022-05-23T01:51:59Z" duration-ms="2176" status="PASS">
          <reporter-output>
          </reporter-output>
        </test-method> <!-- removeItems -->
        <test-method signature="removeAllItems()[pri:6, instance:com.walmart.testCases.TC_ShoppingCart_001@5a955565]" started-at="2022-05-23T01:51:59Z" name="removeAllItems" finished-at="2022-05-23T01:52:11Z" duration-ms="12167" status="PASS">
          <reporter-output>
          </reporter-output>
        </test-method> <!-- removeAllItems -->
        <test-method is-config="true" signature="close()[pri:0, instance:com.walmart.testCases.TC_ShoppingCart_001@5a955565]" started-at="2022-05-23T01:52:11Z" name="close" finished-at="2022-05-23T01:52:11Z" duration-ms="53" status="PASS">
          <reporter-output>
          </reporter-output>
        </test-method> <!-- close -->
      </class> <!-- com.walmart.testCases.TC_ShoppingCart_001 -->
    </test> <!-- WalmartAppTest -->
  </suite> <!-- eCommerce -->
</testng-results>
