<?xml version="1.0" encoding="UTF-8"?>
<!-- Generated by org.testng.reporters.JUnitReportReporter -->
<testsuite hostname="Sharanyas-MacBook-Pro.local" failures="0" tests="8" name="com.walmart.testCases.TC_ProfileSettings_001" time="33.091" errors="1" timestamp="21 May 2022 23:04:32 GMT" skipped="0">
  <testcase classname="com.walmart.testCases.TC_ProfileSettings_001" name="checkProfileLink" time="1.500"/>
  <testcase classname="com.walmart.testCases.TC_ProfileSettings_001" name="CheckPersonalInfo" time="0.686"/>
  <testcase classname="com.walmart.testCases.TC_ProfileSettings_001" name="CheckPostalInfo" time="0.374"/>
  <testcase classname="com.walmart.testCases.TC_ProfileSettings_001" name="updateEmailInfo" time="2.812"/>
  <testcase classname="com.walmart.testCases.TC_ProfileSettings_001" name="updatePasswordInfo" time="12.680">
    <error message="no such element: Unable to locate element: {&quot;method&quot;:&quot;xpath&quot;,&quot;selector&quot;:&quot;//*[@id=&quot;skip-to-main&quot;]/div[2]/div/div/div[6]/div/div/section/p&quot;}
  (Session info: chrome=101.0.4951.64)
For documentation on this error, please visit: https://selenium.dev/exceptions/#no_such_element
Build info: version: &#039;4.1.3&#039;, revision: &#039;7b1ebf28ef&#039;
System info: host: &#039;Sharanyas-MacBook-Pro.local&#039;, ip: &#039;fe80:0:0:0:148a:fe39:c52e:f34b%en0&#039;, os.name: &#039;Mac OS X&#039;, os.arch: &#039;x86_64&#039;, os.version: &#039;12.4&#039;, java.version: &#039;18&#039;
Driver info: org.openqa.selenium.chrome.ChromeDriver
Command: [2a3ecb26824a31327aa5f13dccf9371e, findElement {using=xpath, value=//*[@id=&quot;skip-to-main&quot;]/div[2]/div/div/div[6]/div/div/section/p}]
Capabilities {acceptInsecureCerts: false, browserName: chrome, browserVersion: 101.0.4951.64, chrome: {chromedriverVersion: 100.0.4896.60 (6a5d10861ce8...}, goog:chromeOptions: {debuggerAddress: localhost:9222}, javascriptEnabled: true, pageLoadStrategy: normal, platform: ANY, platformName: ANY, proxy: Proxy(), se:cdp: ws://localhost:9222/devtool..., se:cdpVersion: 101.0.4951.64, setWindowRect: false, strictFileInteractability: false, timeouts: {implicit: 0, pageLoad: 300000, script: 30000}, unhandledPromptBehavior: dismiss and notify, webauthn:extension:credBlob: true, webauthn:extension:largeBlob: true, webauthn:virtualAuthenticators: true}
Session ID: 2a3ecb26824a31327aa5f13dccf9371e" type="org.openqa.selenium.NoSuchElementException">
      <![CDATA[org.openqa.selenium.NoSuchElementException: no such element: Unable to locate element: {"method":"xpath","selector":"//*[@id="skip-to-main"]/div[2]/div/div/div[6]/div/div/section/p"}
  (Session info: chrome=101.0.4951.64)
For documentation on this error, please visit: https://selenium.dev/exceptions/#no_such_element
Build info: version: '4.1.3', revision: '7b1ebf28ef'
System info: host: 'Sharanyas-MacBook-Pro.local', ip: 'fe80:0:0:0:148a:fe39:c52e:f34b%en0', os.name: 'Mac OS X', os.arch: 'x86_64', os.version: '12.4', java.version: '18'
Driver info: org.openqa.selenium.chrome.ChromeDriver
Command: [2a3ecb26824a31327aa5f13dccf9371e, findElement {using=xpath, value=//*[@id="skip-to-main"]/div[2]/div/div/div[6]/div/div/section/p}]
Capabilities {acceptInsecureCerts: false, browserName: chrome, browserVersion: 101.0.4951.64, chrome: {chromedriverVersion: 100.0.4896.60 (6a5d10861ce8...}, goog:chromeOptions: {debuggerAddress: localhost:9222}, javascriptEnabled: true, pageLoadStrategy: normal, platform: ANY, platformName: ANY, proxy: Proxy(), se:cdp: ws://localhost:9222/devtool..., se:cdpVersion: 101.0.4951.64, setWindowRect: false, strictFileInteractability: false, timeouts: {implicit: 0, pageLoad: 300000, script: 30000}, unhandledPromptBehavior: dismiss and notify, webauthn:extension:credBlob: true, webauthn:extension:largeBlob: true, webauthn:virtualAuthenticators: true}
Session ID: 2a3ecb26824a31327aa5f13dccf9371e
at java.base/jdk.internal.reflect.DirectConstructorHandleAccessor.newInstance(DirectConstructorHandleAccessor.java:67)
at java.base/java.lang.reflect.Constructor.newInstanceWithCaller(Constructor.java:499)
at java.base/java.lang.reflect.Constructor.newInstance(Constructor.java:483)
at org.openqa.selenium.remote.codec.w3c.W3CHttpResponseCodec.createException(W3CHttpResponseCodec.java:200)
at org.openqa.selenium.remote.codec.w3c.W3CHttpResponseCodec.decode(W3CHttpResponseCodec.java:133)
at org.openqa.selenium.remote.codec.w3c.W3CHttpResponseCodec.decode(W3CHttpResponseCodec.java:53)
at org.openqa.selenium.remote.HttpCommandExecutor.execute(HttpCommandExecutor.java:184)
at org.openqa.selenium.remote.service.DriverCommandExecutor.invokeExecute(DriverCommandExecutor.java:167)
at org.openqa.selenium.remote.service.DriverCommandExecutor.execute(DriverCommandExecutor.java:142)
at org.openqa.selenium.remote.RemoteWebDriver.execute(RemoteWebDriver.java:567)
at org.openqa.selenium.remote.ElementLocation$ElementFinder$2.findElement(ElementLocation.java:162)
at org.openqa.selenium.remote.ElementLocation.findElement(ElementLocation.java:60)
at org.openqa.selenium.remote.RemoteWebDriver.findElement(RemoteWebDriver.java:385)
at org.openqa.selenium.remote.RemoteWebDriver.findElement(RemoteWebDriver.java:377)
at org.openqa.selenium.support.pagefactory.DefaultElementLocator.findElement(DefaultElementLocator.java:70)
at org.openqa.selenium.support.pagefactory.internal.LocatingElementHandler.invoke(LocatingElementHandler.java:39)
at jdk.proxy2/jdk.proxy2.$Proxy17.getText(Unknown Source)
at com.walmart.pageObject.ProfileSettings.passwordMessage(ProfileSettings.java:343)
at com.walmart.testCases.TC_ProfileSettings_001.updatePasswordInfo(TC_ProfileSettings_001.java:135)
at java.base/jdk.internal.reflect.DirectMethodHandleAccessor.invoke(DirectMethodHandleAccessor.java:104)
at java.base/java.lang.reflect.Method.invoke(Method.java:577)
at org.testng.internal.MethodInvocationHelper.invokeMethod(MethodInvocationHelper.java:124)
at org.testng.internal.Invoker.invokeMethod(Invoker.java:583)
at org.testng.internal.Invoker.invokeTestMethod(Invoker.java:719)
at org.testng.internal.Invoker.invokeTestMethods(Invoker.java:989)
at org.testng.internal.TestMethodWorker.invokeTestMethods(TestMethodWorker.java:125)
at org.testng.internal.TestMethodWorker.run(TestMethodWorker.java:109)
at org.testng.TestRunner.privateRun(TestRunner.java:648)
at org.testng.TestRunner.run(TestRunner.java:505)
at org.testng.SuiteRunner.runTest(SuiteRunner.java:455)
at org.testng.SuiteRunner.runSequentially(SuiteRunner.java:450)
at org.testng.SuiteRunner.privateRun(SuiteRunner.java:415)
at org.testng.SuiteRunner.run(SuiteRunner.java:364)
at org.testng.SuiteRunnerWorker.runSuite(SuiteRunnerWorker.java:52)
at org.testng.SuiteRunnerWorker.run(SuiteRunnerWorker.java:84)
at org.testng.TestNG.runSuitesSequentially(TestNG.java:1208)
at org.testng.TestNG.runSuitesLocally(TestNG.java:1137)
at org.testng.TestNG.runSuites(TestNG.java:1049)
at org.testng.TestNG.run(TestNG.java:1017)
at org.testng.remote.AbstractRemoteTestNG.run(AbstractRemoteTestNG.java:115)
at org.testng.remote.RemoteTestNG.initAndRun(RemoteTestNG.java:251)
at org.testng.remote.RemoteTestNG.main(RemoteTestNG.java:77)
]]>
    </error>
  </testcase> <!-- updatePasswordInfo -->
  <testcase classname="com.walmart.testCases.TC_ProfileSettings_001" name="updatePhoneInfo" time="10.165"/>
  <testcase classname="com.walmart.testCases.TC_ProfileSettings_001" name="updateLanguageInfo" time="2.330"/>
  <testcase classname="com.walmart.testCases.TC_ProfileSettings_001" name="updateDiscountInfo" time="2.544"/>
</testsuite> <!-- com.walmart.testCases.TC_ProfileSettings_001 -->
