<?xml version="1.0" encoding="UTF-8"?>
<!-- Generated by org.testng.reporters.JUnitXMLReporter -->
<testsuite ignored="0" hostname="Sharanyas-MacBook-Pro.local" failures="1" tests="6" name="WalmartAppTest" time="55.149" errors="0" timestamp="23 May 2022 01:52:11 GMT">
  <testcase classname="com.walmart.testCases.TC_ShoppingCart_001" name="addProducts" time="11.151"/>
  <testcase classname="com.walmart.testCases.TC_ShoppingCart_001" name="increaseQuantity" time="2.203"/>
  <testcase classname="com.walmart.testCases.TC_ShoppingCart_001" name="addSameItems" time="12.034"/>
  <testcase classname="com.walmart.testCases.TC_ShoppingCart_001" name="differentItems" time="12.192">
    <failure type="java.lang.AssertionError" message="expected [true] but found [false]">
      <![CDATA[java.lang.AssertionError: expected [true] but found [false]
at com.walmart.testCases.TC_ShoppingCart_001.differentItems(TC_ShoppingCart_001.java:151)
... Removed 27 stack frames]]>
    </failure>
  </testcase> <!-- differentItems -->
  <testcase classname="com.walmart.testCases.TC_ShoppingCart_001" name="removeItems" time="2.176"/>
  <testcase classname="com.walmart.testCases.TC_ShoppingCart_001" name="removeAllItems" time="12.167"/>
</testsuite> <!-- WalmartAppTest -->
